Start testing: Feb 27 12:05 Œrodkowoeuropejski czas stand.
----------------------------------------------------------
1/3 Testing: LaborkaPodstawowyTest
1/3 Test: LaborkaPodstawowyTest
Command: "C:/Users/student/Desktop/pw_lab1/pw_lab1/build/Debug/Laborka.exe"
Directory: C:/Users/student/Desktop/pw_lab1/pw_lab1/build
"LaborkaPodstawowyTest" start time: Feb 27 12:05 Œrodkowoeuropejski czas stand.
Output:
----------------------------------------------------------
testowanie
Rezultat: 
0.707107
<end of output>
Test time =   0.01 sec
----------------------------------------------------------
Test Passed.
"LaborkaPodstawowyTest" end time: Feb 27 12:05 Œrodkowoeuropejski czas stand.
"LaborkaPodstawowyTest" time elapsed: 00:00:00
----------------------------------------------------------

2/3 Testing: LaborkaWynikSin45
2/3 Test: LaborkaWynikSin45
Command: "C:/Users/student/Desktop/pw_lab1/pw_lab1/build/Debug/Laborka.exe" "45"
Directory: C:/Users/student/Desktop/pw_lab1/pw_lab1/build
"LaborkaWynikSin45" start time: Feb 27 12:05 Œrodkowoeuropejski czas stand.
Output:
----------------------------------------------------------
testowanie
Rezultat: 
0.707107
<end of output>
Test time =   0.02 sec
----------------------------------------------------------
Test Pass Reason:
Required regular expression found.Regex=[0[.,]7071
]
"LaborkaWynikSin45" end time: Feb 27 12:05 Œrodkowoeuropejski czas stand.
"LaborkaWynikSin45" time elapsed: 00:00:00
----------------------------------------------------------

3/3 Testing: Laborka3sek
3/3 Test: Laborka3sek
Command: "C:/Users/student/Desktop/pw_lab1/pw_lab1/build/Debug/Laborka.exe"
Directory: C:/Users/student/Desktop/pw_lab1/pw_lab1/build
"Laborka3sek" start time: Feb 27 12:05 Œrodkowoeuropejski czas stand.
Output:
----------------------------------------------------------
testowanie
Rezultat: 
0.707107
<end of output>
Test time =   0.01 sec
----------------------------------------------------------
Test Passed.
"Laborka3sek" end time: Feb 27 12:05 Œrodkowoeuropejski czas stand.
"Laborka3sek" time elapsed: 00:00:00
----------------------------------------------------------

End testing: Feb 27 12:05 Œrodkowoeuropejski czas stand.
